<?xml version="1.0" encoding="utf-8"?><testsuites><testsuite name="pytest" errors="0" failures="0" skipped="0" tests="5" time="0.351" timestamp="2022-12-20T15:11:36.663236" hostname="RAMOS-PC"><testcase classname="tests.test_bytebak.TestClass" name="test_quando_idade_recebe_13_03_2000_deve_retornar_22" time="0.009" /><testcase classname="tests.test_bytebak.TestClass" name="test_quando_sobrenome_recebe_Lucas_Carvalho_deve_retornar_Carvalho" time="0.003" /><testcase classname="tests.test_bytebak.TestClass" name="test_quando_decrescimo_salario_recebe_100000_deve_retornar_90000" time="0.004" /><testcase classname="tests.test_bytebak.TestClass" name="test_quando_calcular_bonus_recebe_1000_deve_retornar_100" time="0.003" /><testcase classname="tests.test_bytebak.TestClass" name="test_quando_calcular_bonus_recebe_x_deve_retornar_exception" time="0.004" /></testsuite></testsuites>